EXPERIMENT 1
1. XOR dataset:

   l = 2, h = 100, e = 0.700000, m = 1.000000, f = 1, s = true, n = false
Train error (Mean +- SD): 0.000599249 +- 5.03008e-05
Test error (Mean +- SD): 0.000599249 +- 5.03008e-05
Train CCR (Mean +- SD): 100 +- 0
Test CCR (Mean +- SD): 100 +- 0
Elapsed time: 4.226142 seconds

   l = 2, h = 100, e = 0.100000, m = 0.900000, f = 1, s = true, n = false
Train error (Mean +- SD): 0.00548247 +- 0.000596968
Test error (Mean +- SD): 0.00548247 +- 0.000596968
Train CCR (Mean +- SD): 100 +- 0
Test CCR (Mean +- SD): 100 +- 0
Elapsed time: 4.129812 seconds

2. ProPublica COMPAS dataset:

   l = 1, h = 4, e = 0.700000, m = 1.000000, f = 1, s = true, n = false
Train error (Mean +- SD): 0.300841 +- 0.00126283
Test error (Mean +- SD): 0.306178 +- 0.00121779
Train CCR (Mean +- SD): 100 +- 0
Test CCR (Mean +- SD): 99.9446 +- 0
Elapsed time: 20.135917 seconds

   l = 1, h = 8, e = 0.700000, m = 1.000000, f = 1, s = true, n = false
Train error (Mean +- SD): 0.299046 +- 0.000441879
Test error (Mean +- SD): 0.30598 +- 0.000724105
Train CCR (Mean +- SD): 100 +- 0
Test CCR (Mean +- SD): 99.8448 +- 0.199557
Elapsed time: 36.797665 seconds

   l = 1, h = 16, e = 0.700000, m = 1.000000, f = 1, s = true, n = false
Train error (Mean +- SD): 0.296824 +- 0.000508963
Test error (Mean +- SD): 0.305179 +- 0.000309314
Train CCR (Mean +- SD): 100 +- 0
Test CCR (Mean +- SD): 99.9446 +- 0
Elapsed time: 65.819942 seconds

   l = 1, h = 64, e = 0.700000, m = 1.000000, f = 1, s = true, n = false
Train error (Mean +- SD): 0.313066 +- 0.0357167
Test error (Mean +- SD): 0.326045 +- 0.0323222
Train CCR (Mean +- SD): 99.9951 +- 0.0098595
Test CCR (Mean +- SD): 99.9446 +- 0
Elapsed time: 199.429132 seconds

   l = 2, h = 4, e = 0.700000, m = 1.000000, f = 1, s = true, n = false
Train error (Mean +- SD): 0.30057 +- 0.000417457
Test error (Mean +- SD): 0.306172 +- 0.000545525
Train CCR (Mean +- SD): 100 +- 0
Test CCR (Mean +- SD): 99.9446 +- 0
Elapsed time: 29.707909 seconds

   l = 2, h = 8, e = 0.700000, m = 1.000000, f = 1, s = true, n = false
Train error (Mean +- SD): 0.299767 +- 0.000877069
Test error (Mean +- SD): 0.306011 +- 0.000880332
Train CCR (Mean +- SD): 100 +- 0
Test CCR (Mean +- SD): 99.9446 +- 0
Elapsed time: 64.751357 seconds

   l = 2, h = 16, e = 0.700000, m = 1.000000, f = 1, s = true, n = false
Train error (Mean +- SD): 0.297814 +- 0.00102205
Test error (Mean +- SD): 0.305392 +- 0.000404637
Train CCR (Mean +- SD): 100 +- 0
Test CCR (Mean +- SD): 99.8448 +- 0.199557
Elapsed time: 154.644078 seconds

   l = 2, h = 64, e = 0.700000, m = 1.000000, f = 1, s = true, n = false
Train error (Mean +- SD): 0.297824 +- 0.00350595
Test error (Mean +- SD): 0.310618 +- 0.00269111
Train CCR (Mean +- SD): 100 +- 0
Test CCR (Mean +- SD): 99.9446 +- 0
Elapsed time: 1228.244275 seconds

3. noMNIST dataset:

   l = 1, h = 4, e = 0.700000, m = 1.000000, f = 1, s = true, n = false
Train error (Mean +- SD): 0.119049 +- 0.00456289
Test error (Mean +- SD): 0.152547 +- 0.00656416
Train CCR (Mean +- SD): 69.6667 +- 3.38333
Test CCR (Mean +- SD): 62.3333 +- 2.59058
Elapsed time: 180.291908 seconds

   l = 1, h = 8, e = 0.700000, m = 1.000000, f = 1, s = true, n = false
Train error (Mean +- SD): 0.0471212 +- 0.003087
Test error (Mean +- SD): 0.0965052 +- 0.010324
Train CCR (Mean +- SD): 80.3333 +- 1.79574
Test CCR (Mean +- SD): 70.8 +- 3.40327
Elapsed time: 336.421636 seconds

   l = 1, h = 16, e = 0.700000, m = 1.000000, f = 1, s = true, n = false
Train error (Mean +- SD): 0.0275593 +- 0.00257001
Test error (Mean +- SD): 0.103177 +- 0.00493731
Train CCR (Mean +- SD): 82.3778 +- 1.02463
Test CCR (Mean +- SD): 71 +- 1.92065
Elapsed time: 647.377504 seconds

   l = 1, h = 64, e = 0.700000, m = 1.000000, f = 1, s = true, n = false
Train error (Mean +- SD): 0.00363359 +- 0.000402459
Test error (Mean +- SD): 0.111041 +- 0.00421485
Train CCR (Mean +- SD): 100 +- 0
Test CCR (Mean +- SD): 72.8 +- 0.541603
Elapsed time: 2484.416950 seconds

   l = 2, h = 4, e = 0.700000, m = 1.000000, f = 1, s = true, n = false
Train error (Mean +- SD): 0.153974 +- 0.0114853
Test error (Mean +- SD): 0.17774 +- 0.0152266
Train CCR (Mean +- SD): 60.7111 +- 7.34363
Test CCR (Mean +- SD): 52.7333 +- 8.24729
Elapsed time: 180.455714 seconds

   l = 2, h = 8, e = 0.700000, m = 1.000000, f = 1, s = true, n = false
Train error (Mean +- SD): 0.0576614 +- 0.00577476
Test error (Mean +- SD): 0.110856 +- 0.012179
Train CCR (Mean +- SD): 78.3333 +- 1.44188
Test CCR (Mean +- SD): 69.3333 +- 1.38243
Elapsed time: 340.460270 seconds

   l = 2, h = 16, e = 0.700000, m = 1.000000, f = 1, s = true, n = false
Train error (Mean +- SD): 0.0216922 +- 0.00167471
Test error (Mean +- SD): 0.107539 +- 0.00294805
Train CCR (Mean +- SD): 85.4667 +- 2.08629
Test CCR (Mean +- SD): 71 +- 1.36626
Elapsed time: 641.561138 seconds

   l = 2, h = 64, e = 0.700000, m = 1.000000, f = 1, s = true, n = false
Train error (Mean +- SD): 0.0022593 +- 0.000128988
Test error (Mean +- SD): 0.116318 +- 0.0143732
Train CCR (Mean +- SD): 100 +- 0
Test CCR (Mean +- SD): 71.2667 +- 1.42049
Elapsed time: 2824.103310 seconds

