EXPERIMENT 1
Consider number of hidden layer = 1/2 and  neurons = 2, 4, 8, 32, 64 y 100 

2. SINE FUNCTION:

   l = 1, n = 2
Train error (Mean +- SD): 0.0406614 +- 0.0102932
Test error (Mean +- SD):          0.0465517 +- 0.00823905
   l = 2, n = 2
Train error (Mean +- SD): 0.0474134 +- 0.0236896
Test error (Mean +- SD):          0.0559176 +- 0.0278075


  l = 1, n = 4
Train error (Mean +- SD): 0.0371684 +- 0.0065696
Test error (Mean +- SD):          0.0437955 +- 0.008132
  l = 2, n = 4
Train error (Mean +- SD): 0.0354404 +- 0.011196
Test error (Mean +- SD):          0.0433238 +- 0.0139477


  l = 1, n = 8
Train error (Mean +- SD): 0.0289577 +- 0.00253645
Test error (Mean +- SD):          0.0382328 +- 0.00343976
  l = 2, n = 8
Train error (Mean +- SD): 0.0481493 +- 0.0223393
Test error (Mean +- SD):          0.0578935 +- 0.0268058


  l = 1, n = 32
Train error (Mean +- SD): 0.0217279 +- 0.00168838
Test error (Mean +- SD):          0.0306966 +- 0.00237157
  l = 2, n = 32
Train error (Mean +- SD): 0.0299701 +- 0.00196213
Test error (Mean +- SD):          0.0360851 +- 0.00124617


  l = 1, n = 64
Train error (Mean +- SD): 0.0270687 +- 0.00371482
Test error (Mean +- SD):          0.0337327 +- 0.00348898
  l = 2, n = 64
Train error (Mean +- SD): 0.0779685 +- 0.101821
Test error (Mean +- SD):          0.0881434 +- 0.110057


  l = 1, n = 100
Train error (Mean +- SD): 0.065082 +- 0.0889406
Test error (Mean +- SD):          0.0698627 +- 0.0806091
  l = 2, n = 100
Train error (Mean +- SD): 0.0277953 +- 0.00296732
Test error (Mean +- SD):          0.0353795 +- 0.00163168
