EXPERIMENT 3
Training a model using LogisticRegressionCV

1. ProPublica COMPAS:
   r=0.05
Training MSE: 0.203807 +- 0.000212
Test MSE: 0.212514 +- 0.000055
Training CCR: 68.27% +- 0.11%
Test CCR: 67.14% +- 0.17%
Best_Cs: 100.0
   r=0.15
Training MSE: 0.203521 +- 0.000048
Test MSE: 0.212462 +- 0.000064
Training CCR: 68.27% +- 0.09%
Test CCR: 67.16% +- 0.17%
Best_Cs: 10.0
   r=0.25
Training MSE: 0.203222 +- 0.000073
Test MSE: 0.212410 +- 0.000167
Training CCR: 68.49% +- 0.07%
Test CCR: 67.58% +- 0.20%
Best_Cs: 10.0
   r=0.5
Training MSE: 0.203149 +- 0.000018
Test MSE: 0.212403 +- 0.000016
Training CCR: 68.49% +- 0.10%
Test CCR: 67.76% +- 0.06%
Best_Cs: 10.0

2. noMNIST dataset:
   r=0.05
Training MSE: 0.035139 +- 0.000791
Test MSE: 0.032012 +- 0.000774
Training CCR: 85.53% +- 0.76%
Test CCR: 88.60% +- 0.57%
Best_Cs: 1000.0
   r=0.15
Training MSE: 0.027516 +- 0.000473
Test MSE: 0.026223 +- 0.000448
Training CCR: 89.11% +- 0.37%
Test CCR: 90.87% +- 0.34%
Best_Cs: 1000.0
   r=0.25
Training MSE: 0.025648 +- 0.000950
Test MSE: 0.025422 +- 0.000773
Training CCR: 90.40% +- 0.29%
Test CCR: 91.27% +- 0.49%
Best_Cs: 1000.0
   r=0.5
Training MSE: 0.024596 +- 0.000735
Test MSE: 0.025074 +- 0.000368
Training CCR: 91.16% +- 0.30%
Test CCR: 91.60% +- 0.33%
Best_Cs: 100.0
