EXPERIMENT 2
1. XOR dataset:

   l = 2, h = 100, e = 0.700000, m = 1.000000, f = 1, s = true, n = false
Train error (Mean +- SD): 0.000599249 +- 5.03008e-05
Test error (Mean +- SD): 0.000599249 +- 5.03008e-05
Train CCR (Mean +- SD): 100 +- 0
Test CCR (Mean +- SD): 100 +- 0
Elapsed time: 4.041665 seconds

2. ProPublica COMPAS dataset:

   l = 2, h = 4, e = 0.700000, m = 1.000000, f = 0, s = false, n = false
Train error (Mean +- SD): 0.0647387 +- 0.0335123
Test error (Mean +- SD): 0.0672062 +- 0.0348046
Train CCR (Mean +- SD): 100 +- 0
Test CCR (Mean +- SD): 100 +- 0
Elapsed time: 27.991226 seconds

3. noMNIST dataset:

   l = 2, h = 16, e = 0.700000, m = 1.000000, f = 0, s = true, n = false
Train error (Mean +- SD): 0.0216922 +- 0.00167471
Test error (Mean +- SD): 0.107539 +- 0.00294805
Train CCR (Mean +- SD): 85.4667 +- 2.08629
Test CCR (Mean +- SD): 71 +- 1.36626
Elapsed time: 672.113054 seconds

